<?xml version="1.0" encoding="UTF-8"?>
<!-- Generated by org.testng.reporters.JUnitXMLReporter -->
<testsuite ignored="0" hostname="DESKTOP-S8T5TUM" failures="0" tests="3" name="Default test" time="21.475" errors="0" timestamp="2021-05-16T13:51:20 IST">
  <testcase classname="com.orangeHrm.testcases.LoginPageTest" name="loginPageTitleTest" time="0.913"/>
  <testcase classname="com.orangeHrm.testcases.LoginPageTest" name="crmLogoImageTest" time="0.113"/>
  <testcase classname="com.orangeHrm.testcases.LoginPageTest" name="loginTest" time="7.004"/>
</testsuite> <!-- Default test -->
