<?xml version="1.0" encoding="UTF-8"?>
<!-- Generated by org.testng.reporters.JUnitXMLReporter -->
<testsuite ignored="1" hostname="1298--CNM--GGN" failures="0" tests="2" name="Test" time="16.48" errors="0" timestamp="2021-05-11T13:22:14 IST">
  <testcase classname="com.orangeHrm.testcases.LoginPageTest" name="loginPageTitleTest" time="0.251"/>
  <testcase classname="com.orangeHrm.testcases.HomePageTest" name="verifyUserNameTest" time="1.78"/>
  <testcase classname="com.orangeHrm.base.baseClass" name="@BeforeTest initialization" time="0.0">
    <ignored/>
  </testcase> <!-- @BeforeTest initialization -->
</testsuite> <!-- Test -->
