<?xml version="1.0" encoding="UTF-8"?>
<!-- Generated by org.testng.reporters.JUnitXMLReporter -->
<testsuite hostname="DESKTOP-S8T5TUM" ignored="3" name="Command line test" tests="1" failures="0" timestamp="2021-05-16T19:50:19 IST" time="29.988" errors="0">
  <testcase name="verifyUserNameTest" time="3.138" classname="com.orangeHrm.testcases.HomePageTest"/>
  <testcase name="@BeforeTest initialization" time="0.0" classname="com.orangeHrm.base.baseClass">
    <ignored/>
  </testcase> <!-- @BeforeTest initialization -->
  <testcase name="@BeforeTest initialization" time="0.0" classname="com.orangeHrm.base.baseClass">
    <ignored/>
  </testcase> <!-- @BeforeTest initialization -->
  <testcase name="verifyAddEmp" time="0.0" classname="com.orangeHrm.testcases.PIMPageTest">
    <ignored/>
  </testcase> <!-- verifyAddEmp -->
</testsuite> <!-- Command line test -->
