<?xml version="1.0" encoding="UTF-8"?>
<testng-results ignored="0" total="3" passed="3" failed="0" skipped="0">
  <reporter-output>
    <line>
      <![CDATA[Method name is - loginPageTitleTest]]>
    </line>
    <line>
      <![CDATA[Method name is - crmLogoImageTest]]>
    </line>
    <line>
      <![CDATA[Method name is - loginTest]]>
    </line>
  </reporter-output>
  <suite started-at="2021-05-16T13:50:57 IST" name="Default suite" finished-at="2021-05-16T13:51:18 IST" duration-ms="21475">
    <groups>
    </groups>
    <test started-at="2021-05-16T13:50:57 IST" name="Default test" finished-at="2021-05-16T13:51:18 IST" duration-ms="21475">
      <class name="com.orangeHrm.testcases.LoginPageTest">
        <test-method is-config="true" signature="initialization()[pri:0, instance:com.orangeHrm.testcases.LoginPageTest@13b13b5d]" started-at="2021-05-16T13:50:57 IST" name="initialization" finished-at="2021-05-16T13:51:09 IST" duration-ms="12142" status="PASS">
          <reporter-output>
          </reporter-output>
        </test-method> <!-- initialization -->
        <test-method is-config="true" signature="setUp()[pri:0, instance:com.orangeHrm.testcases.LoginPageTest@13b13b5d]" started-at="2021-05-16T13:51:09 IST" name="setUp" finished-at="2021-05-16T13:51:09 IST" duration-ms="71" status="PASS">
          <reporter-output>
          </reporter-output>
        </test-method> <!-- setUp -->
        <test-method signature="loginPageTitleTest()[pri:1, instance:com.orangeHrm.testcases.LoginPageTest@13b13b5d]" started-at="2021-05-16T13:51:09 IST" name="loginPageTitleTest" finished-at="2021-05-16T13:51:10 IST" duration-ms="913" status="PASS">
          <reporter-output>
            <line>
              <![CDATA[Method name is - loginPageTitleTest]]>
            </line>
          </reporter-output>
        </test-method> <!-- loginPageTitleTest -->
        <test-method is-config="true" signature="setUp()[pri:0, instance:com.orangeHrm.testcases.LoginPageTest@13b13b5d]" started-at="2021-05-16T13:51:10 IST" name="setUp" finished-at="2021-05-16T13:51:10 IST" duration-ms="3" status="PASS">
          <reporter-output>
          </reporter-output>
        </test-method> <!-- setUp -->
        <test-method signature="crmLogoImageTest()[pri:2, instance:com.orangeHrm.testcases.LoginPageTest@13b13b5d]" started-at="2021-05-16T13:51:10 IST" name="crmLogoImageTest" finished-at="2021-05-16T13:51:10 IST" duration-ms="113" status="PASS">
          <reporter-output>
            <line>
              <![CDATA[Method name is - crmLogoImageTest]]>
            </line>
          </reporter-output>
        </test-method> <!-- crmLogoImageTest -->
        <test-method is-config="true" signature="setUp()[pri:0, instance:com.orangeHrm.testcases.LoginPageTest@13b13b5d]" started-at="2021-05-16T13:51:10 IST" name="setUp" finished-at="2021-05-16T13:51:10 IST" duration-ms="2" status="PASS">
          <reporter-output>
          </reporter-output>
        </test-method> <!-- setUp -->
        <test-method signature="loginTest()[pri:3, instance:com.orangeHrm.testcases.LoginPageTest@13b13b5d]" started-at="2021-05-16T13:51:10 IST" name="loginTest" finished-at="2021-05-16T13:51:17 IST" duration-ms="7004" status="PASS">
          <reporter-output>
            <line>
              <![CDATA[Method name is - loginTest]]>
            </line>
          </reporter-output>
        </test-method> <!-- loginTest -->
        <test-method is-config="true" signature="tearDown()[pri:0, instance:com.orangeHrm.testcases.LoginPageTest@13b13b5d]" started-at="2021-05-16T13:51:17 IST" name="tearDown" finished-at="2021-05-16T13:51:18 IST" duration-ms="1142" status="PASS">
          <reporter-output>
          </reporter-output>
        </test-method> <!-- tearDown -->
      </class> <!-- com.orangeHrm.testcases.LoginPageTest -->
    </test> <!-- Default test -->
  </suite> <!-- Default suite -->
</testng-results>
